<?xml version="1.0" encoding="UTF-8"?>
<testsuite name="Iniciar sesion en Sauce Demo" tests="5" skipped="0" failures="0" errors="0" timestamp="2023-04-02T16:32:31" hostname="DESKTOP-BGV8B1T" time="38.318">
  <properties/>
  <testcase name="Iniciar sesion con exito" classname="Iniciar sesion en Sauce Demo" time="28.706"/>
  <testcase name="Agregar un producto al carrito de compras #1" classname="Iniciar sesion en Sauce Demo" time="2.207"/>
  <testcase name="Agregar un producto al carrito de compras #2" classname="Iniciar sesion en Sauce Demo" time="1.866"/>
  <testcase name="Agregar un producto al carrito de compras #3" classname="Iniciar sesion en Sauce Demo" time="1.939"/>
  <testcase name="Ordenar por precio de menor a mayor" classname="Iniciar sesion en Sauce Demo" time="3.598"/>
  <system-out><![CDATA[]]></system-out>
  <system-err><![CDATA[[Test worker] INFO io.cucumber.core.plugin.SerenityReporter - Running feature from file:///C:/Users/fer/Downloads/SauceDemoTest/src/test/resources/features/sauce_test.feature
[Test worker] INFO  - 
  _____   ___   ___   _____     ___   _____     _     ___   _____   ___   ___  
 |_   _| | __| / __| |_   _|   / __| |_   _|   /_\   | _ \ |_   _| | __| |   \ 
   | |   | _|  \__ \   | |     \__ \   | |    / _ \  |   /   | |   | _|  | |) |
   |_|   |___| |___/   |_|     |___/   |_|   /_/ \_\ |_|_\   |_|   |___| |___/ 

Iniciar sesion con exito(iniciar-sesion-en-sauce-demo;iniciar-sesion-con-exito)
--------------------------------------------------------------------------------
[Test worker] INFO net.serenitybdd.core.webdriver.driverproviders.ChromeDriverProvider - Using automatically driver download
[Test worker] INFO io.github.bonigarcia.wdm.WebDriverManager - Using chromedriver 111.0.5563.64 (resolved driver for Chrome 111)
[Test worker] INFO io.github.bonigarcia.wdm.WebDriverManager - Exporting webdriver.chrome.driver as C:\Users\fer\.cache\selenium\chromedriver\win32\111.0.5563.64\chromedriver.exe
Starting ChromeDriver 111.0.5563.64 (c710e93d5b63b7095afe8c2c17df34408078439d-refs/branch-heads/5563@{#995}) on port 64188
Only local connections are allowed.
Please see https://chromedriver.chromium.org/security-considerations for suggestions on keeping ChromeDriver safe.
ChromeDriver was started successfully.
abr. 02, 2023 10:32:54 A.M. org.openqa.selenium.remote.ProtocolHandshake createSession
INFO: Detected dialect: W3C
abr. 02, 2023 10:32:54 A.M. org.openqa.selenium.devtools.CdpVersionFinder findNearestMatch
WARNING: Unable to find an exact match for CDP version 111, so returning the closest version found: a no-op implementation
abr. 02, 2023 10:32:54 A.M. org.openqa.selenium.devtools.CdpVersionFinder findNearestMatch
INFO: Unable to find CDP implementation matching 111.
abr. 02, 2023 10:32:54 A.M. org.openqa.selenium.chromium.ChromiumDriver lambda$new$3
WARNING: Unable to find version of CDP to use for . You may need to include a dependency on a specific version of the CDP using something similar to `org.seleniumhq.selenium:selenium-devtools-v86:4.1.3` where the version ("v86") matches the version of the chromium-based browser you're using and the version number of the artifact is the same as Selenium's.
[Test worker] INFO  - ?[92m
  _____   ___   ___   _____     ___     _     ___   ___   ___   ___  
 |_   _| | __| / __| |_   _|   | _ \   /_\   / __| / __| | __| |   \ 
   | |   | _|  \__ \   | |     |  _/  / _ \  \__ \ \__ \ | _|  | |) |
   |_|   |___| |___/   |_|     |_|   /_/ \_\ |___/ |___/ |___| |___/ 

Iniciar sesion con exito
----------------------------------------------------------------------?[0m
[Test worker] INFO io.cucumber.core.plugin.SerenityReporter - Running feature from file:///C:/Users/fer/Downloads/SauceDemoTest/src/test/resources/features/sauce_test.feature
[Test worker] INFO  - 
  _____   ___   ___   _____     ___   _____     _     ___   _____   ___   ___  
 |_   _| | __| / __| |_   _|   / __| |_   _|   /_\   | _ \ |_   _| | __| |   \ 
   | |   | _|  \__ \   | |     \__ \   | |    / _ \  |   /   | |   | _|  | |) |
   |_|   |___| |___/   |_|     |___/   |_|   /_/ \_\ |_|_\   |_|   |___| |___/ 

Agregar un producto al carrito de compras(iniciar-sesion-en-sauce-demo;agregar-un-producto-al-carrito-de-compras)
--------------------------------------------------------------------------------
[Test worker] INFO  - ?[92m
  _____   ___   ___   _____     ___     _     ___   ___   ___   ___  
 |_   _| | __| / __| |_   _|   | _ \   /_\   / __| / __| | __| |   \ 
   | |   | _|  \__ \   | |     |  _/  / _ \  \__ \ \__ \ | _|  | |) |
   |_|   |___| |___/   |_|     |_|   /_/ \_\ |___/ |___/ |___| |___/ 

Agregar un producto al carrito de compras
----------------------------------------------------------------------?[0m
[Test worker] INFO io.cucumber.core.plugin.SerenityReporter - Running feature from file:///C:/Users/fer/Downloads/SauceDemoTest/src/test/resources/features/sauce_test.feature
[Test worker] INFO  - ?[92m
  _____   ___   ___   _____     ___     _     ___   ___   ___   ___  
 |_   _| | __| / __| |_   _|   | _ \   /_\   / __| / __| | __| |   \ 
   | |   | _|  \__ \   | |     |  _/  / _ \  \__ \ \__ \ | _|  | |) |
   |_|   |___| |___/   |_|     |_|   /_/ \_\ |___/ |___/ |___| |___/ 

Agregar un producto al carrito de compras
----------------------------------------------------------------------?[0m
[Test worker] INFO io.cucumber.core.plugin.SerenityReporter - Running feature from file:///C:/Users/fer/Downloads/SauceDemoTest/src/test/resources/features/sauce_test.feature
[Test worker] INFO io.cucumber.core.plugin.SerenityReporter - Running feature from file:///C:/Users/fer/Downloads/SauceDemoTest/src/test/resources/features/sauce_test.feature
[Test worker] INFO  - 
  _____   ___   ___   _____     ___   _____     _     ___   _____   ___   ___  
 |_   _| | __| / __| |_   _|   / __| |_   _|   /_\   | _ \ |_   _| | __| |   \ 
   | |   | _|  \__ \   | |     \__ \   | |    / _ \  |   /   | |   | _|  | |) |
   |_|   |___| |___/   |_|     |___/   |_|   /_/ \_\ |_|_\   |_|   |___| |___/ 

Ordenar por precio de menor a mayor(iniciar-sesion-en-sauce-demo;ordenar-por-precio-de-menor-a-mayor)
--------------------------------------------------------------------------------
[Test worker] INFO  - ?[92m
  _____   ___   ___   _____     ___     _     ___   ___   ___   ___  
 |_   _| | __| / __| |_   _|   | _ \   /_\   / __| / __| | __| |   \ 
   | |   | _|  \__ \   | |     |  _/  / _ \  \__ \ \__ \ | _|  | |) |
   |_|   |___| |___/   |_|     |_|   /_/ \_\ |___/ |___/ |___| |___/ 

Ordenar por precio de menor a mayor
----------------------------------------------------------------------?[0m
]]></system-err>
</testsuite>
